2026-06-19T23:00:10.257-04:00  INFO 8920 --- [cliente-service] [main] c.e.c.ClienteServiceApplicationTests     : Starting ClienteServiceApplicationTests using Java 24.0.2 with PID 8920 (started by Max in C:\Users\Max\Desktop\pasteleria\cliente-service)
2026-06-19T23:00:10.260-04:00 DEBUG 8920 --- [cliente-service] [main] c.e.c.ClienteServiceApplicationTests     : Running with Spring Boot v4.0.5, Spring v7.0.6
2026-06-19T23:00:10.261-04:00  INFO 8920 --- [cliente-service] [main] c.e.c.ClienteServiceApplicationTests     : The following 1 profile is active: "dev"
2026-06-19T23:00:12.933-04:00  INFO 8920 --- [cliente-service] [main] .s.d.r.c.RepositoryConfigurationDelegate : Bootstrapping Spring Data JPA repositories in DEFAULT mode.
2026-06-19T23:00:13.297-04:00  INFO 8920 --- [cliente-service] [main] .s.d.r.c.RepositoryConfigurationDelegate : Finished Spring Data repository scanning in 342 ms. Found 1 JPA repository interface.
2026-06-19T23:00:14.427-04:00  INFO 8920 --- [cliente-service] [main] org.hibernate.orm.jpa                    : HHH008540: Processing PersistenceUnitInfo [name: default]
2026-06-19T23:00:14.546-04:00  INFO 8920 --- [cliente-service] [main] org.hibernate.orm.core                   : HHH000001: Hibernate ORM core version 7.2.7.Final
2026-06-19T23:00:15.631-04:00  INFO 8920 --- [cliente-service] [main] o.s.o.j.p.SpringPersistenceUnitInfo      : No LoadTimeWeaver setup: ignoring JPA class transformer
2026-06-19T23:00:15.730-04:00  INFO 8920 --- [cliente-service] [main] com.zaxxer.hikari.HikariDataSource       : HikariPool-1 - Starting...
2026-06-19T23:00:16.234-04:00  INFO 8920 --- [cliente-service] [main] com.zaxxer.hikari.pool.HikariPool        : HikariPool-1 - Added connection com.mysql.cj.jdbc.ConnectionImpl@434fa353
2026-06-19T23:00:16.237-04:00  INFO 8920 --- [cliente-service] [main] com.zaxxer.hikari.HikariDataSource       : HikariPool-1 - Start completed.
2026-06-19T23:00:16.391-04:00  WARN 8920 --- [cliente-service] [main] org.hibernate.orm.core                   : HHH000511: The 5.5.5 version for [org.hibernate.dialect.MySQLDialect] is no longer supported, hence certain features may not work properly.The minimum supported version is 8.0.0. Check the community dialects project for available legacy versions.
2026-06-19T23:00:16.441-04:00  INFO 8920 --- [cliente-service] [main] org.hibernate.orm.connections.pooling    : HHH10001005: Database info:
	Database JDBC URL [jdbc:mysql://localhost:3306/bd_cliente?createDatabaseIfNotExist=true]
	Database driver: MySQL Connector/J
	Database dialect: MySQLDialect
	Database version: 5.5.5
	Default catalog/schema: bd_cliente/undefined
	Autocommit mode: undefined/unknown
	Isolation level: REPEATABLE_READ [default REPEATABLE_READ]
	JDBC fetch size: none
	Pool: DataSourceConnectionProvider
	Minimum pool size: undefined/unknown
	Maximum pool size: undefined/unknown
2026-06-19T23:00:18.145-04:00  INFO 8920 --- [cliente-service] [main] org.hibernate.orm.core                   : HHH000489: No JTA platform available (set 'hibernate.transaction.jta.platform' to enable JTA platform integration)
2026-06-19T23:00:18.159-04:00  INFO 8920 --- [cliente-service] [main] j.LocalContainerEntityManagerFactoryBean : Initialized JPA EntityManagerFactory for persistence unit 'default'
2026-06-19T23:00:18.315-04:00  INFO 8920 --- [cliente-service] [main] o.s.d.j.r.query.QueryEnhancerFactories   : Hibernate is in classpath; If applicable, HQL parser will be used.
2026-06-19T23:00:21.369-04:00  INFO 8920 --- [cliente-service] [main] liquibase.changelog                      : Reading from bd_cliente.databasechangelog
2026-06-19T23:00:21.441-04:00  INFO 8920 --- [cliente-service] [main] liquibase.ui                             : Database is up to date, no changesets to execute
2026-06-19T23:00:21.445-04:00  INFO 8920 --- [cliente-service] [main] liquibase.changelog                      : Reading from bd_cliente.databasechangelog
2026-06-19T23:00:21.459-04:00  INFO 8920 --- [cliente-service] [main] liquibase.util                           : UPDATE SUMMARY
2026-06-19T23:00:21.460-04:00  INFO 8920 --- [cliente-service] [main] liquibase.util                           : Run:                          0
2026-06-19T23:00:21.460-04:00  INFO 8920 --- [cliente-service] [main] liquibase.util                           : Previously run:               2
2026-06-19T23:00:21.460-04:00  INFO 8920 --- [cliente-service] [main] liquibase.util                           : Filtered out:                 0
2026-06-19T23:00:21.460-04:00  INFO 8920 --- [cliente-service] [main] liquibase.util                           : -------------------------------
2026-06-19T23:00:21.460-04:00  INFO 8920 --- [cliente-service] [main] liquibase.util                           : Total change sets:            2
2026-06-19T23:00:21.462-04:00  INFO 8920 --- [cliente-service] [main] liquibase.util                           : Update summary generated
2026-06-19T23:00:21.464-04:00  INFO 8920 --- [cliente-service] [main] liquibase.command                        : Command execution complete
2026-06-19T23:00:23.447-04:00  INFO 8920 --- [cliente-service] [main] o.s.b.a.e.web.EndpointLinksResolver      : Exposing 1 endpoint beneath base path '/actuator'
2026-06-19T23:00:23.546-04:00  INFO 8920 --- [cliente-service] [main] c.e.c.ClienteServiceApplicationTests     : Started ClienteServiceApplicationTests in 14.277 seconds (process running for 17.593)
2026-06-19T23:00:23.662-04:00  WARN 8920 --- [cliente-service] [main] o.s.core.events.SpringDocAppInitializer  : SpringDoc /v3/api-docs endpoint is enabled by default. To disable it in production, set the property 'springdoc.api-docs.enabled=false'
2026-06-19T23:00:23.662-04:00  WARN 8920 --- [cliente-service] [main] o.s.core.events.SpringDocAppInitializer  : SpringDoc /doc/swagger-ui.html endpoint is enabled by default. To disable it in production, set the property 'springdoc.swagger-ui.enabled=false'
2026-06-19T23:00:25.065-04:00  INFO 8920 --- [cliente-service] [main] c.e.c.service.ClienteService             : Iniciando guardar cliente: correo=juan.perez@mail.com
2026-06-19T23:00:25.072-04:00 ERROR 8920 --- [cliente-service] [main] c.e.c.service.ClienteService             : No se pudo validar existencia del usuario en auth-service
2026-06-19T23:00:25.094-04:00  INFO 8920 --- [cliente-service] [main] c.e.c.service.ClienteService             : Buscando cliente por rut=00000000-0
2026-06-19T23:00:25.103-04:00  INFO 8920 --- [cliente-service] [main] c.e.c.service.ClienteService             : Buscando cliente por id=1
2026-06-19T23:00:25.121-04:00  INFO 8920 --- [cliente-service] [main] c.e.c.service.ClienteService             : Iniciando guardar cliente: correo=juan.perez@mail.com
2026-06-19T23:00:25.123-04:00  INFO 8920 --- [cliente-service] [main] c.e.c.service.ClienteService             : Cliente guardado exitosamente id=1
2026-06-19T23:00:25.133-04:00  INFO 8920 --- [cliente-service] [main] c.e.c.service.ClienteService             : Eliminando cliente id=1
2026-06-19T23:00:25.134-04:00  INFO 8920 --- [cliente-service] [main] c.e.c.service.ClienteService             : Cliente eliminado exitosamente id=1
2026-06-19T23:00:25.139-04:00  INFO 8920 --- [cliente-service] [main] c.e.c.service.ClienteService             : Buscando cliente por id=99
2026-06-19T23:00:25.140-04:00  WARN 8920 --- [cliente-service] [main] c.e.c.service.ClienteService             : Cliente no encontrado id=99
2026-06-19T23:00:25.146-04:00  INFO 8920 --- [cliente-service] [main] c.e.c.service.ClienteService             : Actualizando cliente id=1
2026-06-19T23:00:25.147-04:00  INFO 8920 --- [cliente-service] [main] c.e.c.service.ClienteService             : Cliente actualizado exitosamente id=1
2026-06-19T23:00:25.152-04:00  INFO 8920 --- [cliente-service] [main] c.e.c.service.ClienteService             : Buscando cliente por rut=12345678-9
2026-06-19T23:00:25.161-04:00  INFO 8920 --- [cliente-service] [main] c.e.c.service.ClienteService             : Iniciando guardar cliente: correo=juan.perez@mail.com
2026-06-19T23:00:25.163-04:00 ERROR 8920 --- [cliente-service] [main] c.e.c.service.ClienteService             : Error al conectar con auth-service: Connection refused

java.lang.RuntimeException: Connection refused
	at com.example.cliente_service.service.ClienteService.guardar(ClienteService.java:31) ~[classes/:na]
	at com.example.cliente_service.service.ClienteServiceTest.lambda$guardar_conFalloDeConexionAAuthService_deberiaLanzarExternalServiceException$0(ClienteServiceTest.java:116) ~[test-classes/:na]
	at org.junit.jupiter.api.AssertThrows.assertThrows(AssertThrows.java:54) ~[junit-jupiter-api-6.0.3.jar:6.0.3]
	at org.junit.jupiter.api.AssertThrows.assertThrows(AssertThrows.java:35) ~[junit-jupiter-api-6.0.3.jar:6.0.3]
	at org.junit.jupiter.api.Assertions.assertThrows(Assertions.java:3223) ~[junit-jupiter-api-6.0.3.jar:6.0.3]
	at com.example.cliente_service.service.ClienteServiceTest.guardar_conFalloDeConexionAAuthService_deberiaLanzarExternalServiceException(ClienteServiceTest.java:115) ~[test-classes/:na]
	at java.base/jdk.internal.reflect.DirectMethodHandleAccessor.invoke(DirectMethodHandleAccessor.java:104) ~[na:na]
	at java.base/java.lang.reflect.Method.invoke(Method.java:565) ~[na:na]
	at org.junit.platform.commons.util.ReflectionUtils.invokeMethod(ReflectionUtils.java:701) ~[junit-platform-commons-6.0.3.jar:6.0.3]
	at org.junit.platform.commons.support.ReflectionSupport.invokeMethod(ReflectionSupport.java:502) ~[junit-platform-commons-6.0.3.jar:6.0.3]
	at org.junit.jupiter.engine.support.MethodReflectionUtils.invoke(MethodReflectionUtils.java:45) ~[junit-jupiter-engine-6.0.3.jar:6.0.3]
	at org.junit.jupiter.engine.execution.MethodInvocation.proceed(MethodInvocation.java:61) ~[junit-jupiter-engine-6.0.3.jar:6.0.3]
	at org.junit.jupiter.engine.execution.InvocationInterceptorChain$ValidatingInvocation.proceed(InvocationInterceptorChain.java:124) ~[junit-jupiter-engine-6.0.3.jar:6.0.3]
	at org.junit.jupiter.engine.extension.TimeoutExtension.intercept(TimeoutExtension.java:163) ~[junit-jupiter-engine-6.0.3.jar:6.0.3]
	at org.junit.jupiter.engine.extension.TimeoutExtension.interceptTestableMethod(TimeoutExtension.java:148) ~[junit-jupiter-engine-6.0.3.jar:6.0.3]
	at org.junit.jupiter.engine.extension.TimeoutExtension.interceptTestMethod(TimeoutExtension.java:86) ~[junit-jupiter-engine-6.0.3.jar:6.0.3]
	at org.junit.jupiter.engine.execution.InterceptingExecutableInvoker$ReflectiveInterceptorCall.lambda$ofVoidMethod$0(InterceptingExecutableInvoker.java:123) ~[junit-jupiter-engine-6.0.3.jar:6.0.3]
	at org.junit.jupiter.engine.execution.InterceptingExecutableInvoker.lambda$invoke$0(InterceptingExecutableInvoker.java:105) ~[junit-jupiter-engine-6.0.3.jar:6.0.3]
	at org.junit.jupiter.engine.execution.InvocationInterceptorChain$InterceptedInvocation.proceed(InvocationInterceptorChain.java:99) ~[junit-jupiter-engine-6.0.3.jar:6.0.3]
	at org.junit.jupiter.engine.execution.InvocationInterceptorChain.proceed(InvocationInterceptorChain.java:66) ~[junit-jupiter-engine-6.0.3.jar:6.0.3]
	at org.junit.jupiter.engine.execution.InvocationInterceptorChain.chainAndInvoke(InvocationInterceptorChain.java:47) ~[junit-jupiter-engine-6.0.3.jar:6.0.3]
	at org.junit.jupiter.engine.execution.InvocationInterceptorChain.invoke(InvocationInterceptorChain.java:39) ~[junit-jupiter-engine-6.0.3.jar:6.0.3]
	at org.junit.jupiter.engine.execution.InterceptingExecutableInvoker.invoke(InterceptingExecutableInvoker.java:104) ~[junit-jupiter-engine-6.0.3.jar:6.0.3]
	at org.junit.jupiter.engine.execution.InterceptingExecutableInvoker.invoke(InterceptingExecutableInvoker.java:98) ~[junit-jupiter-engine-6.0.3.jar:6.0.3]
	at org.junit.jupiter.engine.execution.InterceptingExecutableInvoker.invokeVoid(InterceptingExecutableInvoker.java:71) ~[junit-jupiter-engine-6.0.3.jar:6.0.3]
	at org.junit.jupiter.engine.descriptor.TestMethodTestDescriptor.lambda$invokeTestMethod$0(TestMethodTestDescriptor.java:219) ~[junit-jupiter-engine-6.0.3.jar:6.0.3]
	at org.junit.platform.engine.support.hierarchical.ThrowableCollector.execute(ThrowableCollector.java:74) ~[junit-platform-engine-6.0.3.jar:6.0.3]
	at org.junit.jupiter.engine.descriptor.TestMethodTestDescriptor.invokeTestMethod(TestMethodTestDescriptor.java:215) ~[junit-jupiter-engine-6.0.3.jar:6.0.3]
	at org.junit.jupiter.engine.descriptor.TestMethodTestDescriptor.execute(TestMethodTestDescriptor.java:157) ~[junit-jupiter-engine-6.0.3.jar:6.0.3]
	at org.junit.jupiter.engine.descriptor.TestMethodTestDescriptor.execute(TestMethodTestDescriptor.java:70) ~[junit-jupiter-engine-6.0.3.jar:6.0.3]
	at org.junit.platform.engine.support.hierarchical.NodeTestTask.lambda$executeRecursively$2(NodeTestTask.java:176) ~[junit-platform-engine-6.0.3.jar:6.0.3]
	at org.junit.platform.engine.support.hierarchical.ThrowableCollector.execute(ThrowableCollector.java:74) ~[junit-platform-engine-6.0.3.jar:6.0.3]
	at org.junit.platform.engine.support.hierarchical.NodeTestTask.lambda$executeRecursively$1(NodeTestTask.java:166) ~[junit-platform-engine-6.0.3.jar:6.0.3]
	at org.junit.platform.engine.support.hierarchical.Node.around(Node.java:138) ~[junit-platform-engine-6.0.3.jar:6.0.3]
	at org.junit.platform.engine.support.hierarchical.NodeTestTask.lambda$executeRecursively$0(NodeTestTask.java:164) ~[junit-platform-engine-6.0.3.jar:6.0.3]
	at org.junit.platform.engine.support.hierarchical.ThrowableCollector.execute(ThrowableCollector.java:74) ~[junit-platform-engine-6.0.3.jar:6.0.3]
	at org.junit.platform.engine.support.hierarchical.NodeTestTask.executeRecursively(NodeTestTask.java:163) ~[junit-platform-engine-6.0.3.jar:6.0.3]
	at org.junit.platform.engine.support.hierarchical.NodeTestTask.execute(NodeTestTask.java:116) ~[junit-platform-engine-6.0.3.jar:6.0.3]
	at java.base/java.util.ArrayList.forEach(ArrayList.java:1604) ~[na:na]
	at org.junit.platform.engine.support.hierarchical.SameThreadHierarchicalTestExecutorService.invokeAll(SameThreadHierarchicalTestExecutorService.java:42) ~[junit-platform-engine-6.0.3.jar:6.0.3]
	at org.junit.platform.engine.support.hierarchical.NodeTestTask.lambda$executeRecursively$2(NodeTestTask.java:180) ~[junit-platform-engine-6.0.3.jar:6.0.3]
	at org.junit.platform.engine.support.hierarchical.ThrowableCollector.execute(ThrowableCollector.java:74) ~[junit-platform-engine-6.0.3.jar:6.0.3]
	at org.junit.platform.engine.support.hierarchical.NodeTestTask.lambda$executeRecursively$1(NodeTestTask.java:166) ~[junit-platform-engine-6.0.3.jar:6.0.3]
	at org.junit.platform.engine.support.hierarchical.Node.around(Node.java:138) ~[junit-platform-engine-6.0.3.jar:6.0.3]
	at org.junit.platform.engine.support.hierarchical.NodeTestTask.lambda$executeRecursively$0(NodeTestTask.java:164) ~[junit-platform-engine-6.0.3.jar:6.0.3]
	at org.junit.platform.engine.support.hierarchical.ThrowableCollector.execute(ThrowableCollector.java:74) ~[junit-platform-engine-6.0.3.jar:6.0.3]
	at org.junit.platform.engine.support.hierarchical.NodeTestTask.executeRecursively(NodeTestTask.java:163) ~[junit-platform-engine-6.0.3.jar:6.0.3]
	at org.junit.platform.engine.support.hierarchical.NodeTestTask.execute(NodeTestTask.java:116) ~[junit-platform-engine-6.0.3.jar:6.0.3]
	at java.base/java.util.ArrayList.forEach(ArrayList.java:1604) ~[na:na]
	at org.junit.platform.engine.support.hierarchical.SameThreadHierarchicalTestExecutorService.invokeAll(SameThreadHierarchicalTestExecutorService.java:42) ~[junit-platform-engine-6.0.3.jar:6.0.3]
	at org.junit.platform.engine.support.hierarchical.NodeTestTask.lambda$executeRecursively$2(NodeTestTask.java:180) ~[junit-platform-engine-6.0.3.jar:6.0.3]
	at org.junit.platform.engine.support.hierarchical.ThrowableCollector.execute(ThrowableCollector.java:74) ~[junit-platform-engine-6.0.3.jar:6.0.3]
	at org.junit.platform.engine.support.hierarchical.NodeTestTask.lambda$executeRecursively$1(NodeTestTask.java:166) ~[junit-platform-engine-6.0.3.jar:6.0.3]
	at org.junit.platform.engine.support.hierarchical.Node.around(Node.java:138) ~[junit-platform-engine-6.0.3.jar:6.0.3]
	at org.junit.platform.engine.support.hierarchical.NodeTestTask.lambda$executeRecursively$0(NodeTestTask.java:164) ~[junit-platform-engine-6.0.3.jar:6.0.3]
	at org.junit.platform.engine.support.hierarchical.ThrowableCollector.execute(ThrowableCollector.java:74) ~[junit-platform-engine-6.0.3.jar:6.0.3]
	at org.junit.platform.engine.support.hierarchical.NodeTestTask.executeRecursively(NodeTestTask.java:163) ~[junit-platform-engine-6.0.3.jar:6.0.3]
	at org.junit.platform.engine.support.hierarchical.NodeTestTask.execute(NodeTestTask.java:116) ~[junit-platform-engine-6.0.3.jar:6.0.3]
	at org.junit.platform.engine.support.hierarchical.SameThreadHierarchicalTestExecutorService.submit(SameThreadHierarchicalTestExecutorService.java:36) ~[junit-platform-engine-6.0.3.jar:6.0.3]
	at org.junit.platform.engine.support.hierarchical.HierarchicalTestExecutor.execute(HierarchicalTestExecutor.java:52) ~[junit-platform-engine-6.0.3.jar:6.0.3]
	at org.junit.platform.engine.support.hierarchical.HierarchicalTestEngine.execute(HierarchicalTestEngine.java:58) ~[junit-platform-engine-6.0.3.jar:6.0.3]
	at org.junit.platform.launcher.core.EngineExecutionOrchestrator.executeEngine(EngineExecutionOrchestrator.java:246) ~[junit-platform-launcher-6.0.3.jar:6.0.3]
	at org.junit.platform.launcher.core.EngineExecutionOrchestrator.failOrExecuteEngine(EngineExecutionOrchestrator.java:218) ~[junit-platform-launcher-6.0.3.jar:6.0.3]
	at org.junit.platform.launcher.core.EngineExecutionOrchestrator.execute(EngineExecutionOrchestrator.java:179) ~[junit-platform-launcher-6.0.3.jar:6.0.3]
	at org.junit.platform.launcher.core.EngineExecutionOrchestrator.execute(EngineExecutionOrchestrator.java:108) ~[junit-platform-launcher-6.0.3.jar:6.0.3]
	at org.junit.platform.launcher.core.EngineExecutionOrchestrator.lambda$execute$0(EngineExecutionOrchestrator.java:66) ~[junit-platform-launcher-6.0.3.jar:6.0.3]
	at org.junit.platform.launcher.core.EngineExecutionOrchestrator.withInterceptedStreams(EngineExecutionOrchestrator.java:157) ~[junit-platform-launcher-6.0.3.jar:6.0.3]
	at org.junit.platform.launcher.core.EngineExecutionOrchestrator.execute(EngineExecutionOrchestrator.java:65) ~[junit-platform-launcher-6.0.3.jar:6.0.3]
	at org.junit.platform.launcher.core.DefaultLauncher.execute(DefaultLauncher.java:125) ~[junit-platform-launcher-6.0.3.jar:6.0.3]
	at org.junit.platform.launcher.core.DefaultLauncher.execute(DefaultLauncher.java:114) ~[junit-platform-launcher-6.0.3.jar:6.0.3]
	at org.junit.platform.launcher.core.DelegatingLauncher.execute(DelegatingLauncher.java:58) ~[junit-platform-launcher-6.0.3.jar:6.0.3]
	at org.junit.platform.launcher.core.InterceptingLauncher.lambda$execute$2(InterceptingLauncher.java:57) ~[junit-platform-launcher-6.0.3.jar:6.0.3]
	at org.junit.platform.launcher.core.ClasspathAlignmentCheckingLauncherInterceptor.intercept(ClasspathAlignmentCheckingLauncherInterceptor.java:25) ~[junit-platform-launcher-6.0.3.jar:6.0.3]
	at org.junit.platform.launcher.core.InterceptingLauncher.execute(InterceptingLauncher.java:56) ~[junit-platform-launcher-6.0.3.jar:6.0.3]
	at org.junit.platform.launcher.core.DelegatingLauncher.execute(DelegatingLauncher.java:58) ~[junit-platform-launcher-6.0.3.jar:6.0.3]
	at java.base/jdk.internal.reflect.DirectMethodHandleAccessor.invoke(DirectMethodHandleAccessor.java:104) ~[na:na]
	at java.base/java.lang.reflect.Method.invoke(Method.java:565) ~[na:na]
	at org.apache.maven.surefire.api.util.ReflectionUtils.invokeMethodWithArray(ReflectionUtils.java:125) ~[surefire-api-3.5.5.jar:3.5.5]
	at org.apache.maven.surefire.junitplatform.LauncherAdapter.executeWithCancellationToken(LauncherAdapter.java:68) ~[surefire-junit-platform-3.5.5.jar:3.5.5]
	at org.apache.maven.surefire.junitplatform.LauncherAdapter.execute(LauncherAdapter.java:54) ~[surefire-junit-platform-3.5.5.jar:3.5.5]
	at org.apache.maven.surefire.junitplatform.JUnitPlatformProvider.execute(JUnitPlatformProvider.java:203) ~[surefire-junit-platform-3.5.5.jar:3.5.5]
	at org.apache.maven.surefire.junitplatform.JUnitPlatformProvider.invokeAllTests(JUnitPlatformProvider.java:168) ~[surefire-junit-platform-3.5.5.jar:3.5.5]
	at org.apache.maven.surefire.junitplatform.JUnitPlatformProvider.invoke(JUnitPlatformProvider.java:136) ~[surefire-junit-platform-3.5.5.jar:3.5.5]
	at org.apache.maven.surefire.booter.ForkedBooter.runSuitesInProcess(ForkedBooter.java:385) ~[surefire-booter-3.5.5.jar:3.5.5]
	at org.apache.maven.surefire.booter.ForkedBooter.execute(ForkedBooter.java:162) ~[surefire-booter-3.5.5.jar:3.5.5]
	at org.apache.maven.surefire.booter.ForkedBooter.run(ForkedBooter.java:507) ~[surefire-booter-3.5.5.jar:3.5.5]
	at org.apache.maven.surefire.booter.ForkedBooter.main(ForkedBooter.java:495) ~[surefire-booter-3.5.5.jar:3.5.5]

2026-06-19T23:00:25.176-04:00  INFO 8920 --- [cliente-service] [main] c.e.c.service.ClienteService             : Actualizando cliente id=99
2026-06-19T23:00:25.182-04:00  INFO 8920 --- [cliente-service] [main] c.e.c.service.ClienteService             : Listando todos los clientes
2026-06-19T23:00:25.182-04:00  INFO 8920 --- [cliente-service] [main] c.e.c.service.ClienteService             : Total clientes: 2
2026-06-19T23:00:25.194-04:00  INFO 8920 --- [cliente-service] [main] c.e.c.service.ClienteService             : Iniciando guardar cliente: correo=juan.perez@mail.com
2026-06-19T23:00:25.195-04:00  WARN 8920 --- [cliente-service] [main] c.e.c.service.ClienteService             : Usuario no existe en auth-service: correo=juan.perez@mail.com
2026-06-19T23:00:25.202-04:00  INFO 8920 --- [cliente-service] [main] c.e.c.service.ClienteService             : Eliminando cliente id=99
2026-06-19T23:00:25.244-04:00  INFO 8920 --- [cliente-service] [SpringApplicationShutdownHook] j.LocalContainerEntityManagerFactoryBean : Closing JPA EntityManagerFactory for persistence unit 'default'
2026-06-19T23:00:25.627-04:00  INFO 8920 --- [cliente-service] [SpringApplicationShutdownHook] com.zaxxer.hikari.HikariDataSource       : HikariPool-1 - Shutdown initiated...
2026-06-19T23:00:25.639-04:00  INFO 8920 --- [cliente-service] [SpringApplicationShutdownHook] com.zaxxer.hikari.HikariDataSource       : HikariPool-1 - Shutdown completed.
